[debug] [2022-06-25T08:07:27.951Z] ----------------------------------------------------------------------
[debug] [2022-06-25T08:07:27.953Z] Command:       C:\Program Files\nodejs\node.exe C:\Users\Avnish\AppData\Roaming\npm\node_modules\firebase-tools\lib\bin\firebase.js init
[debug] [2022-06-25T08:07:27.953Z] CLI Version:   11.1.0
[debug] [2022-06-25T08:07:27.953Z] Platform:      win32
[debug] [2022-06-25T08:07:27.954Z] Node Version:  v16.13.0
[debug] [2022-06-25T08:07:27.961Z] Time:          Sat Jun 25 2022 13:37:27 GMT+0530 (India Standard Time)
[debug] [2022-06-25T08:07:27.962Z] ----------------------------------------------------------------------
[debug] 
[debug] [2022-06-25T08:07:28.038Z] > command requires scopes: ["email","openid","https://www.googleapis.com/auth/cloudplatformprojects.readonly","https://www.googleapis.com/auth/firebase","https://www.googleapis.com/auth/cloud-platform"]
[debug] [2022-06-25T08:07:28.038Z] > authorizing via signed-in user (avnishkrsharma3@gmail.com)
[info] 
     ######## #### ########  ######## ########     ###     ######  ########
     ##        ##  ##     ## ##       ##     ##  ##   ##  ##       ##
     ######    ##  ########  ######   ########  #########  ######  ######
     ##        ##  ##    ##  ##       ##     ## ##     ##       ## ##
     ##       #### ##     ## ######## ########  ##     ##  ######  ########

You're about to initialize a Firebase project in this directory:

  C:\Users\Avnish\Desktop\airbnb-clone

Before we get started, keep in mind:

  * You are initializing within an existing Firebase project directory

[info] 
=== Project Setup
[info] 
[info] First, let's associate this project directory with a Firebase project.
[info] You can create multiple project aliases by running firebase use --add, 
[info] but for now we'll just set up a default project.
[info] 
[debug] [2022-06-25T08:07:39.853Z] Using project from CLI flag: airbnb-clone-70bbe
[debug] [2022-06-25T08:07:39.857Z] > refreshing access token with scopes: []
[debug] [2022-06-25T08:07:39.858Z] >>> [apiv2][query] POST https://www.googleapis.com/oauth2/v3/token [none]
[debug] [2022-06-25T08:07:39.859Z] >>> [apiv2][body] POST https://www.googleapis.com/oauth2/v3/token [omitted]
[debug] [2022-06-25T08:07:40.125Z] <<< [apiv2][status] POST https://www.googleapis.com/oauth2/v3/token 200
[debug] [2022-06-25T08:07:40.126Z] <<< [apiv2][body] POST https://www.googleapis.com/oauth2/v3/token [omitted]
[debug] [2022-06-25T08:07:40.132Z] >>> [apiv2][query] GET https://firebase.googleapis.com/v1beta1/projects/airbnb-clone-70bbe [none]
[debug] [2022-06-25T08:07:40.814Z] <<< [apiv2][status] GET https://firebase.googleapis.com/v1beta1/projects/airbnb-clone-70bbe 403
[debug] [2022-06-25T08:07:40.815Z] <<< [apiv2][body] GET https://firebase.googleapis.com/v1beta1/projects/airbnb-clone-70bbe {"error":{"code":403,"message":"The caller does not have permission","status":"PERMISSION_DENIED"}}
[debug] [2022-06-25T08:07:40.815Z] HTTP Error: 403, The caller does not have permission
[debug] [2022-06-25T08:07:41.039Z] FirebaseError: HTTP Error: 403, The caller does not have permission
    at responseToError (C:\Users\Avnish\AppData\Roaming\npm\node_modules\firebase-tools\lib\responseToError.js:49:12)
    at RetryOperation._fn (C:\Users\Avnish\AppData\Roaming\npm\node_modules\firebase-tools\lib\apiv2.js:287:77)
    at processTicksAndRejections (node:internal/process/task_queues:96:5)
[error] 
[error] Error: Failed to get Firebase project airbnb-clone-70bbe. Please make sure the project exists and your account has permission to access it.
